<?xml version="1.0" encoding="UTF-8"?>
<testng-results skipped="0" failed="0" ignored="0" total="3" passed="3">
  <reporter-output>
  </reporter-output>
  <suite name="Default suite" duration-ms="1114" started-at="2021-07-15T22:06:21 NZST" finished-at="2021-07-15T22:06:23 NZST">
    <groups>
    </groups>
    <test name="Default test" duration-ms="1114" started-at="2021-07-15T22:06:21 NZST" finished-at="2021-07-15T22:06:23 NZST">
      <class name="laybuy.TestExample">
        <test-method status="PASS" signature="test_1()[pri:0, instance:laybuy.TestExample@62dae245]" name="test_1" duration-ms="23" started-at="2021-07-15T22:06:21 NZST" finished-at="2021-07-15T22:06:21 NZST">
          <reporter-output>
          </reporter-output>
        </test-method> <!-- test_1 -->
        <test-method status="PASS" signature="test_2()[pri:0, instance:laybuy.TestExample@62dae245]" name="test_2" duration-ms="85" started-at="2021-07-15T22:06:21 NZST" finished-at="2021-07-15T22:06:22 NZST">
          <reporter-output>
          </reporter-output>
        </test-method> <!-- test_2 -->
        <test-method status="PASS" signature="test_3()[pri:0, instance:laybuy.TestExample@62dae245]" name="test_3" duration-ms="966" started-at="2021-07-15T22:06:22 NZST" finished-at="2021-07-15T22:06:23 NZST">
          <reporter-output>
          </reporter-output>
        </test-method> <!-- test_3 -->
      </class> <!-- laybuy.TestExample -->
    </test> <!-- Default test -->
  </suite> <!-- Default suite -->
</testng-results>
