<?xml version="1.0" encoding="UTF-8"?>
<!-- Generated by org.testng.reporters.JUnitXMLReporter -->
<testsuite hostname="DESKTOP-38E0UH6" ignored="0" name="Default test" tests="3" failures="0" timestamp="2021-07-15T22:06:23 NZST" time="1.114" errors="0">
  <testcase name="test_1" time="0.023" classname="laybuy.TestExample"/>
  <testcase name="test_2" time="0.085" classname="laybuy.TestExample"/>
  <testcase name="test_3" time="0.966" classname="laybuy.TestExample"/>
</testsuite> <!-- Default test -->
